Starting Dapr with id order-processor. HTTP Port: 16067. gRPC Port: 16068
Updating metadata for cliPID: 12136
Flag --dapr-http-max-request-size has been deprecated, use '--max-body-size 4Mi'
Flag --dapr-http-read-buffer-size has been deprecated, use '--read-buffer-size 4Ki'
time="2024-10-19T05:34:40.6826785+13:00" level=info msg="Starting Dapr Runtime -- version 1.14.4 -- commit 583960dc90120616124b60ad2b7820fc0b3edf44" app_id=order-processor instance=DESKTOP-SQD2CVO scope=dapr.runtime type=log ver=1.14.4
time="2024-10-19T05:34:40.6826785+13:00" level=info msg="Log level set to: info" app_id=order-processor instance=DESKTOP-SQD2CVO scope=dapr.runtime type=log ver=1.14.4
time="2024-10-19T05:34:40.6836796+13:00" level=warning msg="mTLS is disabled. Skipping certificate request and tls validation" app_id=order-processor instance=DESKTOP-SQD2CVO scope=dapr.runtime.security type=log ver=1.14.4
time="2024-10-19T05:34:40.6935611+13:00" level=info msg="metric spec: {0xc00090ad91 <nil> <nil> []}" app_id=order-processor instance=DESKTOP-SQD2CVO scope=dapr.runtime.diagnostics type=log ver=1.14.4
time="2024-10-19T05:34:40.6935611+13:00" level=info msg="Using default latency distribution buckets: [1 2 3 4 5 6 8 10 13 16 20 25 30 40 50 65 80 100 130 160 200 250 300 400 500 650 800 1000 2000 5000 10000 20000 50000 100000]" app_id=order-processor instance=DESKTOP-SQD2CVO scope=dapr.runtime.diagnostics type=log ver=1.14.4
time="2024-10-19T05:34:40.6935611+13:00" level=warning msg="The default value for 'spec.metric.http.increasedCardinality' will change to 'false' in Dapr 1.15 or later" app_id=order-processor instance=DESKTOP-SQD2CVO scope=dapr.runtime.diagnostics type=log ver=1.14.4
time="2024-10-19T05:34:40.69803+13:00" level=info msg="standalone mode configured" app_id=order-processor instance=DESKTOP-SQD2CVO scope=dapr.runtime type=log ver=1.14.4
time="2024-10-19T05:34:40.7010244+13:00" level=info msg="app id: order-processor" app_id=order-processor instance=DESKTOP-SQD2CVO scope=dapr.runtime type=log ver=1.14.4
time="2024-10-19T05:34:40.7000154+13:00" level=info msg="metrics server started on :16069/" app_id=order-processor instance=DESKTOP-SQD2CVO scope=dapr.runtime type=log ver=1.14.4
time="2024-10-19T05:34:40.7022354+13:00" level=info msg="Dapr trace sampler initialized: ParentBased{root:AlwaysOnSampler,remoteParentSampled:AlwaysOnSampler,remoteParentNotSampled:AlwaysOffSampler,localParentSampled:AlwaysOnSampler,localParentNotSampled:AlwaysOffSampler}" app_id=order-processor instance=DESKTOP-SQD2CVO scope=dapr.runtime type=log ver=1.14.4
time="2024-10-19T05:34:40.7200777+13:00" level=info msg="local service entry announced: order-processor -> 192.168.1.72:16070" app_id=order-processor component="nr (mdns/v1)" instance=DESKTOP-SQD2CVO scope=dapr.contrib type=log ver=1.14.4
time="2024-10-19T05:34:40.7200777+13:00" level=info msg="Initialized name resolution to mdns" app_id=order-processor instance=DESKTOP-SQD2CVO scope=dapr.runtime type=log ver=1.14.4
time="2024-10-19T05:34:40.7216595+13:00" level=info msg="Loading components…" app_id=order-processor instance=DESKTOP-SQD2CVO scope=dapr.runtime type=log ver=1.14.4
time="2024-10-19T05:34:40.8022028+13:00" level=info msg="Component loaded: pubsub (pubsub.redis/v1)" app_id=order-processor instance=DESKTOP-SQD2CVO scope=dapr.runtime.processor type=log ver=1.14.4
time="2024-10-19T05:34:40.8024962+13:00" level=info msg="Waiting for all outstanding components to be processed…" app_id=order-processor instance=DESKTOP-SQD2CVO scope=dapr.runtime type=log ver=1.14.4
time="2024-10-19T05:34:40.8339612+13:00" level=info msg="Using 'statestore' as actor state store" app_id=order-processor instance=DESKTOP-SQD2CVO scope=dapr.runtime.processor.state type=log ver=1.14.4
time="2024-10-19T05:34:40.8355264+13:00" level=info msg="Component loaded: statestore (state.redis/v1)" app_id=order-processor instance=DESKTOP-SQD2CVO scope=dapr.runtime.processor type=log ver=1.14.4
time="2024-10-19T05:34:40.8355264+13:00" level=info msg="All outstanding components processed" app_id=order-processor instance=DESKTOP-SQD2CVO scope=dapr.runtime type=log ver=1.14.4
time="2024-10-19T05:34:40.8365271+13:00" level=info msg="Loading endpoints…" app_id=order-processor instance=DESKTOP-SQD2CVO scope=dapr.runtime type=log ver=1.14.4
time="2024-10-19T05:34:40.8381893+13:00" level=info msg="Waiting for all outstanding http endpoints to be processed…" app_id=order-processor instance=DESKTOP-SQD2CVO scope=dapr.runtime type=log ver=1.14.4
time="2024-10-19T05:34:40.8381893+13:00" level=info msg="All outstanding http endpoints processed" app_id=order-processor instance=DESKTOP-SQD2CVO scope=dapr.runtime type=log ver=1.14.4
time="2024-10-19T05:34:40.8381893+13:00" level=info msg="Loading Declarative Subscriptions…" app_id=order-processor instance=DESKTOP-SQD2CVO scope=dapr.runtime type=log ver=1.14.4
time="2024-10-19T05:34:40.8448502+13:00" level=info msg="gRPC server listening on TCP address: :16068" app_id=order-processor instance=DESKTOP-SQD2CVO scope=dapr.runtime.grpc.api type=log ver=1.14.4
time="2024-10-19T05:34:40.8448502+13:00" level=info msg="Enabled gRPC tracing middleware" app_id=order-processor instance=DESKTOP-SQD2CVO scope=dapr.runtime.grpc.api type=log ver=1.14.4
time="2024-10-19T05:34:40.8448502+13:00" level=info msg="Enabled gRPC metrics middleware" app_id=order-processor instance=DESKTOP-SQD2CVO scope=dapr.runtime.grpc.api type=log ver=1.14.4
time="2024-10-19T05:34:40.8490738+13:00" level=info msg="Registering workflow engine for gRPC endpoint: [::]:16068" app_id=order-processor instance=DESKTOP-SQD2CVO scope=dapr.runtime.grpc.api type=log ver=1.14.4
time="2024-10-19T05:34:40.8500466+13:00" level=info msg="API gRPC server is running on port 16068" app_id=order-processor instance=DESKTOP-SQD2CVO scope=dapr.runtime type=log ver=1.14.4
time="2024-10-19T05:34:40.8525784+13:00" level=warning msg="The default value for 'spec.metric.http.increasedCardinality' will change to 'false' in Dapr 1.15 or later" app_id=order-processor instance=DESKTOP-SQD2CVO scope=dapr.runtime.http type=log ver=1.14.4
time="2024-10-19T05:34:40.8544193+13:00" level=info msg="Enabled max body size HTTP middleware with size 4194304 bytes" app_id=order-processor instance=DESKTOP-SQD2CVO scope=dapr.runtime.http type=log ver=1.14.4
time="2024-10-19T05:34:40.8544193+13:00" level=info msg="Enabled tracing HTTP middleware" app_id=order-processor instance=DESKTOP-SQD2CVO scope=dapr.runtime.http type=log ver=1.14.4
time="2024-10-19T05:34:40.8544193+13:00" level=info msg="Enabled metrics HTTP middleware" app_id=order-processor instance=DESKTOP-SQD2CVO scope=dapr.runtime.http type=log ver=1.14.4
time="2024-10-19T05:34:40.8555816+13:00" level=info msg="HTTP server listening on TCP address: :16067" app_id=order-processor instance=DESKTOP-SQD2CVO scope=dapr.runtime.http type=log ver=1.14.4
time="2024-10-19T05:34:40.8561699+13:00" level=info msg="HTTP server is running on port 16067" app_id=order-processor instance=DESKTOP-SQD2CVO scope=dapr.runtime type=log ver=1.14.4
time="2024-10-19T05:34:40.8566772+13:00" level=info msg="The request body size parameter is: 4194304 bytes" app_id=order-processor instance=DESKTOP-SQD2CVO scope=dapr.runtime type=log ver=1.14.4
time="2024-10-19T05:34:40.8566772+13:00" level=info msg="gRPC server listening on TCP address: :16070" app_id=order-processor instance=DESKTOP-SQD2CVO scope=dapr.runtime.grpc.internal type=log ver=1.14.4
time="2024-10-19T05:34:40.8566772+13:00" level=info msg="Enabled gRPC tracing middleware" app_id=order-processor instance=DESKTOP-SQD2CVO scope=dapr.runtime.grpc.internal type=log ver=1.14.4
time="2024-10-19T05:34:40.8566772+13:00" level=info msg="Enabled gRPC metrics middleware" app_id=order-processor instance=DESKTOP-SQD2CVO scope=dapr.runtime.grpc.internal type=log ver=1.14.4
time="2024-10-19T05:34:40.8572075+13:00" level=info msg="Internal gRPC server is running on :16070" app_id=order-processor instance=DESKTOP-SQD2CVO scope=dapr.runtime type=log ver=1.14.4
time="2024-10-19T05:34:40.8577528+13:00" level=info msg="application protocol: http. waiting on port 7001.  This will block until the app is listening on that port." app_id=order-processor instance=DESKTOP-SQD2CVO scope=dapr.runtime type=log ver=1.14.4
Updating metadata for app command: dotnet run
Updating metadata for appPID: 7964
You're up and running! Dapr logs will appear here.

time="2024-10-19T05:34:48.9995193+13:00" level=info msg="application discovered on port 7001" app_id=order-processor instance=DESKTOP-SQD2CVO scope=dapr.runtime type=log ver=1.14.4
time="2024-10-19T05:34:49.277011+13:00" level=info msg="Application configuration loaded" app_id=order-processor instance=DESKTOP-SQD2CVO scope=dapr.runtime type=log ver=1.14.4
time="2024-10-19T05:34:49.277011+13:00" level=info msg="Configuring actors placement provider 'placement'. Configuration: 'placement:localhost:6050'" app_id=order-processor instance=DESKTOP-SQD2CVO scope=dapr.runtime.actor type=log ver=1.14.4
time="2024-10-19T05:34:49.2773193+13:00" level=info msg="Configuring actor reminders provider 'default'. Configuration: ''" app_id=order-processor instance=DESKTOP-SQD2CVO scope=dapr.runtime.actor type=log ver=1.14.4
time="2024-10-19T05:34:49.2773193+13:00" level=info msg="Actor runtime started. Idle timeout: 1h0m0s" app_id=order-processor instance=DESKTOP-SQD2CVO scope=dapr.runtime.actor type=log ver=1.14.4
time="2024-10-19T05:34:49.2773193+13:00" level=info msg="Configuring workflow engine with actors backend" app_id=order-processor instance=DESKTOP-SQD2CVO scope=dapr.runtime type=log ver=1.14.4
time="2024-10-19T05:34:49.2773193+13:00" level=info msg="Registering component for dapr workflow engine..." app_id=order-processor instance=DESKTOP-SQD2CVO scope=dapr.runtime type=log ver=1.14.4
time="2024-10-19T05:34:49.2773193+13:00" level=info msg="Initializing Dapr workflow component" app_id=order-processor component="dapr (workflow.dapr/v1)" instance=DESKTOP-SQD2CVO scope=dapr.contrib type=log ver=1.14.4
time="2024-10-19T05:34:49.2773193+13:00" level=info msg="Workflow engine initialized." app_id=order-processor instance=DESKTOP-SQD2CVO scope=dapr.runtime type=log ver=1.14.4
time="2024-10-19T05:34:49.2843275+13:00" level=info msg="dapr initialized. Status: Running. Init Elapsed 8586ms" app_id=order-processor instance=DESKTOP-SQD2CVO scope=dapr.runtime type=log ver=1.14.4
time="2024-10-19T05:34:49.3796652+13:00" level=info msg="Placement tables updated, version: 0" app_id=order-processor instance=DESKTOP-SQD2CVO scope=dapr.runtime.actors.placement type=log ver=1.14.4
time="2024-10-19T05:52:01.3372514+13:00" level=info msg="Received signal 'interrupt'; beginning shutdown" app_id=order-processor instance=DESKTOP-SQD2CVO scope=dapr.signals type=log ver=1.14.4
time="2024-10-19T05:52:01.3380837+13:00" level=info msg="Dapr is shutting down" app_id=order-processor instance=DESKTOP-SQD2CVO scope=dapr.runtime type=log ver=1.14.4
time="2024-10-19T05:52:01.338591+13:00" level=info msg="Shutting down component statestore (state.redis/v1)" app_id=order-processor instance=DESKTOP-SQD2CVO scope=dapr.runtime type=log ver=1.14.4
time="2024-10-19T05:52:01.338591+13:00" level=info msg="Shutting down workflow engine" app_id=order-processor instance=DESKTOP-SQD2CVO scope=dapr.runtime type=log ver=1.14.4
time="2024-10-19T05:52:01.3387831+13:00" level=info msg="Shutting down actor" app_id=order-processor instance=DESKTOP-SQD2CVO scope=dapr.runtime type=log ver=1.14.4
time="2024-10-19T05:52:01.3387831+13:00" level=info msg="Closing HTTP server [::]:16067…" app_id=order-processor instance=DESKTOP-SQD2CVO scope=dapr.runtime.http type=log ver=1.14.4
time="2024-10-19T05:52:01.3387831+13:00" level=info msg="Shutting down component pubsub (pubsub.redis/v1)" app_id=order-processor instance=DESKTOP-SQD2CVO scope=dapr.runtime type=log ver=1.14.4
time="2024-10-19T05:52:01.3387831+13:00" level=info msg="Dapr runtime stopped" app_id=order-processor instance=DESKTOP-SQD2CVO scope=dapr.runtime type=log ver=1.14.4
time="2024-10-19T05:52:01.3387831+13:00" level=info msg="stopping mDNS server for app id: order-processor" app_id=order-processor component="nr (mdns/v1)" instance=DESKTOP-SQD2CVO scope=dapr.contrib type=log ver=1.14.4

termination signal received: shutting down
time="2024-10-19T05:52:01.3424763+13:00" level=info msg="Daprd shutdown gracefully" app_id=order-processor instance=DESKTOP-SQD2CVO scope=dapr.runtime type=log ver=1.14.4
Error exiting Dapr: TerminateProcess: Access is denied.
Exited App successfully
